{"/Users/christopheracevedogalo/Documents/devsu-react-native-test/components/AddButton.tsx": {"path":"/Users/christopheracevedogalo/Documents/devsu-react-native-test/components/AddButton.tsx","statementMap":{"0":{"start":{"line":6,"column":18},"end":{"line":23,"column":1}},"1":{"start":{"line":7,"column":17},"end":{"line":7,"column":28}},"2":{"start":{"line":9,"column":20},"end":{"line":11,"column":3}},"3":{"start":{"line":10,"column":4},"end":{"line":10,"column":27}},"4":{"start":{"line":13,"column":2},"end":{"line":22,"column":4}},"5":{"start":{"line":25,"column":15},"end":{"line":29,"column":2}}},"fnMap":{"0":{"name":"(anonymous_0)","decl":{"start":{"line":6,"column":18},"end":{"line":6,"column":19}},"loc":{"start":{"line":6,"column":24},"end":{"line":23,"column":1}},"line":6},"1":{"name":"(anonymous_1)","decl":{"start":{"line":9,"column":20},"end":{"line":9,"column":21}},"loc":{"start":{"line":9,"column":26},"end":{"line":11,"column":3}},"line":9}},"branchMap":{},"s":{"0":1,"1":1,"2":1,"3":1,"4":1,"5":1},"f":{"0":1,"1":1},"b":{},"_coverageSchema":"1a1c01bbd47fc00a2c39e90264f33305004495a9","hash":"e161c13a935665c10bd1fadd979cd4be782b22a4"}
,"/Users/christopheracevedogalo/Documents/devsu-react-native-test/components/BottomSheet.tsx": {"path":"/Users/christopheracevedogalo/Documents/devsu-react-native-test/components/BottomSheet.tsx","statementMap":{"0":{"start":{"line":13,"column":20},"end":{"line":51,"column":1}},"1":{"start":{"line":14,"column":2},"end":{"line":50,"column":4}},"2":{"start":{"line":53,"column":15},"end":{"line":69,"column":2}}},"fnMap":{"0":{"name":"(anonymous_0)","decl":{"start":{"line":13,"column":20},"end":{"line":13,"column":21}},"loc":{"start":{"line":13,"column":71},"end":{"line":51,"column":1}},"line":13}},"branchMap":{},"s":{"0":2,"1":8,"2":2},"f":{"0":8},"b":{},"_coverageSchema":"1a1c01bbd47fc00a2c39e90264f33305004495a9","hash":"cf01e6d2941684f2abfea4fa1c14d0ec3ba7cc29"}
,"/Users/christopheracevedogalo/Documents/devsu-react-native-test/components/Button.tsx": {"path":"/Users/christopheracevedogalo/Documents/devsu-react-native-test/components/Button.tsx","statementMap":{"0":{"start":{"line":12,"column":26},"end":{"line":28,"column":1}},"1":{"start":{"line":19,"column":2},"end":{"line":27,"column":4}},"2":{"start":{"line":30,"column":15},"end":{"line":39,"column":2}}},"fnMap":{"0":{"name":"(anonymous_0)","decl":{"start":{"line":12,"column":26},"end":{"line":12,"column":27}},"loc":{"start":{"line":18,"column":6},"end":{"line":28,"column":1}},"line":18}},"branchMap":{},"s":{"0":4,"1":21,"2":4},"f":{"0":21},"b":{},"_coverageSchema":"1a1c01bbd47fc00a2c39e90264f33305004495a9","hash":"468092319e3f79a8efed8380dfbb857b13e79c4f"}
,"/Users/christopheracevedogalo/Documents/devsu-react-native-test/components/ListItem.tsx": {"path":"/Users/christopheracevedogalo/Documents/devsu-react-native-test/components/ListItem.tsx","statementMap":{"0":{"start":{"line":9,"column":30},"end":{"line":31,"column":1}},"1":{"start":{"line":10,"column":17},"end":{"line":10,"column":28}},"2":{"start":{"line":11,"column":19},"end":{"line":11,"column":46}},"3":{"start":{"line":13,"column":24},"end":{"line":16,"column":13}},"4":{"start":{"line":14,"column":4},"end":{"line":14,"column":32}},"5":{"start":{"line":15,"column":4},"end":{"line":15,"column":28}},"6":{"start":{"line":18,"column":2},"end":{"line":30,"column":4}},"7":{"start":{"line":33,"column":15},"end":{"line":56,"column":2}}},"fnMap":{"0":{"name":"(anonymous_0)","decl":{"start":{"line":9,"column":30},"end":{"line":9,"column":31}},"loc":{"start":{"line":9,"column":41},"end":{"line":31,"column":1}},"line":9},"1":{"name":"(anonymous_1)","decl":{"start":{"line":13,"column":36},"end":{"line":13,"column":37}},"loc":{"start":{"line":13,"column":42},"end":{"line":16,"column":3}},"line":13}},"branchMap":{},"s":{"0":1,"1":1,"2":1,"3":1,"4":1,"5":1,"6":1,"7":1},"f":{"0":1,"1":1},"b":{},"_coverageSchema":"1a1c01bbd47fc00a2c39e90264f33305004495a9","hash":"b7a0f9b0b8af984d6cbe69ea99df406a1d2d0c3e"}
,"/Users/christopheracevedogalo/Documents/devsu-react-native-test/components/ProductDetail.tsx": {"path":"/Users/christopheracevedogalo/Documents/devsu-react-native-test/components/ProductDetail.tsx","statementMap":{"0":{"start":{"line":5,"column":35},"end":{"line":44,"column":1}},"1":{"start":{"line":6,"column":23},"end":{"line":6,"column":51}},"2":{"start":{"line":7,"column":24},"end":{"line":7,"column":53}},"3":{"start":{"line":9,"column":2},"end":{"line":43,"column":4}},"4":{"start":{"line":46,"column":15},"end":{"line":72,"column":2}}},"fnMap":{"0":{"name":"(anonymous_0)","decl":{"start":{"line":5,"column":35},"end":{"line":5,"column":36}},"loc":{"start":{"line":5,"column":46},"end":{"line":44,"column":1}},"line":5}},"branchMap":{},"s":{"0":2,"1":5,"2":5,"3":5,"4":2},"f":{"0":5},"b":{},"_coverageSchema":"1a1c01bbd47fc00a2c39e90264f33305004495a9","hash":"6abf88a76659a2e17d142f0864f43b956cbc26f5"}
,"/Users/christopheracevedogalo/Documents/devsu-react-native-test/constants/index.ts": {"path":"/Users/christopheracevedogalo/Documents/devsu-react-native-test/constants/index.ts","statementMap":{"0":{"start":{"line":2,"column":2},"end":{"line":2,"column":102}}},"fnMap":{},"branchMap":{},"s":{"0":5},"f":{},"b":{},"_coverageSchema":"1a1c01bbd47fc00a2c39e90264f33305004495a9","hash":"d862bb6e13672df9ad50bc236c8db06301031c02"}
,"/Users/christopheracevedogalo/Documents/devsu-react-native-test/hooks/useDeleteProduct.tsx": {"path":"/Users/christopheracevedogalo/Documents/devsu-react-native-test/hooks/useDeleteProduct.tsx","statementMap":{"0":{"start":{"line":5,"column":26},"end":{"line":34,"column":1}},"1":{"start":{"line":6,"column":36},"end":{"line":6,"column":51}},"2":{"start":{"line":7,"column":36},"end":{"line":7,"column":51}},"3":{"start":{"line":8,"column":28},"end":{"line":8,"column":43}},"4":{"start":{"line":10,"column":21},"end":{"line":31,"column":3}},"5":{"start":{"line":11,"column":4},"end":{"line":11,"column":23}},"6":{"start":{"line":13,"column":4},"end":{"line":30,"column":5}},"7":{"start":{"line":14,"column":23},"end":{"line":18,"column":8}},"8":{"start":{"line":19,"column":6},"end":{"line":21,"column":7}},"9":{"start":{"line":20,"column":8},"end":{"line":20,"column":27}},"10":{"start":{"line":22,"column":6},"end":{"line":22,"column":26}},"11":{"start":{"line":23,"column":6},"end":{"line":23,"column":22}},"12":{"start":{"line":25,"column":6},"end":{"line":25,"column":21}},"13":{"start":{"line":26,"column":6},"end":{"line":26,"column":26}},"14":{"start":{"line":27,"column":6},"end":{"line":27,"column":25}},"15":{"start":{"line":29,"column":6},"end":{"line":29,"column":26}},"16":{"start":{"line":33,"column":2},"end":{"line":33,"column":53}}},"fnMap":{"0":{"name":"(anonymous_0)","decl":{"start":{"line":5,"column":26},"end":{"line":5,"column":27}},"loc":{"start":{"line":5,"column":32},"end":{"line":34,"column":1}},"line":5},"1":{"name":"(anonymous_1)","decl":{"start":{"line":10,"column":21},"end":{"line":10,"column":22}},"loc":{"start":{"line":10,"column":43},"end":{"line":31,"column":3}},"line":10}},"branchMap":{"0":{"loc":{"start":{"line":19,"column":6},"end":{"line":21,"column":7}},"type":"if","locations":[{"start":{"line":19,"column":6},"end":{"line":21,"column":7}},{"start":{},"end":{}}],"line":19}},"s":{"0":1,"1":10,"2":10,"3":10,"4":10,"5":2,"6":2,"7":2,"8":1,"9":1,"10":1,"11":1,"12":1,"13":1,"14":1,"15":2,"16":10},"f":{"0":10,"1":2},"b":{"0":[1,0]},"_coverageSchema":"1a1c01bbd47fc00a2c39e90264f33305004495a9","hash":"295c0d1d84f760082d0ff0d05d486ac56e603049"}
,"/Users/christopheracevedogalo/Documents/devsu-react-native-test/hooks/useGetFinancialProducts.tsx": {"path":"/Users/christopheracevedogalo/Documents/devsu-react-native-test/hooks/useGetFinancialProducts.tsx","statementMap":{"0":{"start":{"line":14,"column":32},"end":{"line":53,"column":1}},"1":{"start":{"line":15,"column":26},"end":{"line":15,"column":49}},"2":{"start":{"line":16,"column":36},"end":{"line":16,"column":51}},"3":{"start":{"line":17,"column":28},"end":{"line":17,"column":43}},"4":{"start":{"line":19,"column":18},"end":{"line":25,"column":3}},"5":{"start":{"line":27,"column":20},"end":{"line":41,"column":3}},"6":{"start":{"line":28,"column":4},"end":{"line":28,"column":23}},"7":{"start":{"line":30,"column":4},"end":{"line":40,"column":5}},"8":{"start":{"line":31,"column":23},"end":{"line":31,"column":51}},"9":{"start":{"line":32,"column":6},"end":{"line":32,"column":29}},"10":{"start":{"line":33,"column":6},"end":{"line":33,"column":26}},"11":{"start":{"line":34,"column":6},"end":{"line":34,"column":22}},"12":{"start":{"line":36,"column":6},"end":{"line":36,"column":21}},"13":{"start":{"line":37,"column":6},"end":{"line":37,"column":25}},"14":{"start":{"line":39,"column":6},"end":{"line":39,"column":26}},"15":{"start":{"line":43,"column":2},"end":{"line":45,"column":9}},"16":{"start":{"line":44,"column":4},"end":{"line":44,"column":16}},"17":{"start":{"line":47,"column":18},"end":{"line":50,"column":3}},"18":{"start":{"line":48,"column":4},"end":{"line":48,"column":23}},"19":{"start":{"line":49,"column":4},"end":{"line":49,"column":16}},"20":{"start":{"line":52,"column":2},"end":{"line":52,"column":45}}},"fnMap":{"0":{"name":"(anonymous_0)","decl":{"start":{"line":14,"column":32},"end":{"line":14,"column":33}},"loc":{"start":{"line":14,"column":38},"end":{"line":53,"column":1}},"line":14},"1":{"name":"(anonymous_1)","decl":{"start":{"line":27,"column":20},"end":{"line":27,"column":21}},"loc":{"start":{"line":27,"column":32},"end":{"line":41,"column":3}},"line":27},"2":{"name":"(anonymous_2)","decl":{"start":{"line":43,"column":12},"end":{"line":43,"column":13}},"loc":{"start":{"line":43,"column":18},"end":{"line":45,"column":3}},"line":43},"3":{"name":"(anonymous_3)","decl":{"start":{"line":47,"column":18},"end":{"line":47,"column":19}},"loc":{"start":{"line":47,"column":24},"end":{"line":50,"column":3}},"line":47}},"branchMap":{},"s":{"0":1,"1":19,"2":19,"3":19,"4":19,"5":19,"6":4,"7":4,"8":4,"9":3,"10":3,"11":3,"12":1,"13":1,"14":4,"15":19,"16":3,"17":19,"18":1,"19":1,"20":19},"f":{"0":19,"1":4,"2":3,"3":1},"b":{},"_coverageSchema":"1a1c01bbd47fc00a2c39e90264f33305004495a9","hash":"89b85e8652025739926d39215d20f0024e0dc992"}
,"/Users/christopheracevedogalo/Documents/devsu-react-native-test/hooks/useGetIdVerification.tsx": {"path":"/Users/christopheracevedogalo/Documents/devsu-react-native-test/hooks/useGetIdVerification.tsx","statementMap":{"0":{"start":{"line":5,"column":29},"end":{"line":38,"column":1}},"1":{"start":{"line":6,"column":36},"end":{"line":6,"column":51}},"2":{"start":{"line":7,"column":36},"end":{"line":7,"column":51}},"3":{"start":{"line":8,"column":28},"end":{"line":8,"column":43}},"4":{"start":{"line":10,"column":23},"end":{"line":35,"column":3}},"5":{"start":{"line":11,"column":4},"end":{"line":11,"column":23}},"6":{"start":{"line":13,"column":4},"end":{"line":34,"column":5}},"7":{"start":{"line":14,"column":23},"end":{"line":21,"column":7}},"8":{"start":{"line":22,"column":6},"end":{"line":24,"column":7}},"9":{"start":{"line":23,"column":8},"end":{"line":23,"column":27}},"10":{"start":{"line":25,"column":6},"end":{"line":25,"column":26}},"11":{"start":{"line":26,"column":6},"end":{"line":26,"column":22}},"12":{"start":{"line":27,"column":6},"end":{"line":27,"column":27}},"13":{"start":{"line":29,"column":6},"end":{"line":29,"column":21}},"14":{"start":{"line":30,"column":6},"end":{"line":30,"column":26}},"15":{"start":{"line":31,"column":6},"end":{"line":31,"column":25}},"16":{"start":{"line":33,"column":6},"end":{"line":33,"column":26}},"17":{"start":{"line":37,"column":2},"end":{"line":37,"column":55}}},"fnMap":{"0":{"name":"(anonymous_0)","decl":{"start":{"line":5,"column":29},"end":{"line":5,"column":30}},"loc":{"start":{"line":5,"column":35},"end":{"line":38,"column":1}},"line":5},"1":{"name":"(anonymous_1)","decl":{"start":{"line":10,"column":23},"end":{"line":10,"column":24}},"loc":{"start":{"line":10,"column":45},"end":{"line":35,"column":3}},"line":10}},"branchMap":{"0":{"loc":{"start":{"line":22,"column":6},"end":{"line":24,"column":7}},"type":"if","locations":[{"start":{"line":22,"column":6},"end":{"line":24,"column":7}},{"start":{},"end":{}}],"line":22}},"s":{"0":1,"1":10,"2":10,"3":10,"4":10,"5":2,"6":2,"7":2,"8":1,"9":1,"10":1,"11":1,"12":1,"13":1,"14":1,"15":1,"16":2,"17":10},"f":{"0":10,"1":2},"b":{"0":[1,0]},"_coverageSchema":"1a1c01bbd47fc00a2c39e90264f33305004495a9","hash":"61e15375b28ecf6037af64279e084c69f1e70c78"}
,"/Users/christopheracevedogalo/Documents/devsu-react-native-test/hooks/usePostProducts.tsx": {"path":"/Users/christopheracevedogalo/Documents/devsu-react-native-test/hooks/usePostProducts.tsx","statementMap":{"0":{"start":{"line":6,"column":24},"end":{"line":35,"column":1}},"1":{"start":{"line":7,"column":36},"end":{"line":7,"column":51}},"2":{"start":{"line":8,"column":36},"end":{"line":8,"column":51}},"3":{"start":{"line":9,"column":28},"end":{"line":9,"column":43}},"4":{"start":{"line":11,"column":19},"end":{"line":32,"column":3}},"5":{"start":{"line":12,"column":4},"end":{"line":12,"column":23}},"6":{"start":{"line":14,"column":4},"end":{"line":31,"column":5}},"7":{"start":{"line":15,"column":23},"end":{"line":19,"column":8}},"8":{"start":{"line":20,"column":6},"end":{"line":22,"column":7}},"9":{"start":{"line":21,"column":8},"end":{"line":21,"column":27}},"10":{"start":{"line":23,"column":6},"end":{"line":23,"column":26}},"11":{"start":{"line":24,"column":6},"end":{"line":24,"column":22}},"12":{"start":{"line":26,"column":6},"end":{"line":26,"column":21}},"13":{"start":{"line":27,"column":6},"end":{"line":27,"column":26}},"14":{"start":{"line":28,"column":6},"end":{"line":28,"column":25}},"15":{"start":{"line":30,"column":6},"end":{"line":30,"column":26}},"16":{"start":{"line":34,"column":2},"end":{"line":34,"column":51}}},"fnMap":{"0":{"name":"(anonymous_0)","decl":{"start":{"line":6,"column":24},"end":{"line":6,"column":25}},"loc":{"start":{"line":6,"column":30},"end":{"line":35,"column":1}},"line":6},"1":{"name":"(anonymous_1)","decl":{"start":{"line":11,"column":19},"end":{"line":11,"column":20}},"loc":{"start":{"line":11,"column":44},"end":{"line":32,"column":3}},"line":11}},"branchMap":{"0":{"loc":{"start":{"line":20,"column":6},"end":{"line":22,"column":7}},"type":"if","locations":[{"start":{"line":20,"column":6},"end":{"line":22,"column":7}},{"start":{},"end":{}}],"line":20}},"s":{"0":1,"1":10,"2":10,"3":10,"4":10,"5":2,"6":2,"7":2,"8":1,"9":1,"10":1,"11":1,"12":1,"13":1,"14":1,"15":2,"16":10},"f":{"0":10,"1":2},"b":{"0":[1,0]},"_coverageSchema":"1a1c01bbd47fc00a2c39e90264f33305004495a9","hash":"43e2c4654e913c67608e8ad4101d6e5b93e7b1da"}
,"/Users/christopheracevedogalo/Documents/devsu-react-native-test/hooks/usePutProducts.tsx": {"path":"/Users/christopheracevedogalo/Documents/devsu-react-native-test/hooks/usePutProducts.tsx","statementMap":{"0":{"start":{"line":6,"column":23},"end":{"line":35,"column":1}},"1":{"start":{"line":7,"column":36},"end":{"line":7,"column":51}},"2":{"start":{"line":8,"column":36},"end":{"line":8,"column":51}},"3":{"start":{"line":9,"column":28},"end":{"line":9,"column":43}},"4":{"start":{"line":11,"column":18},"end":{"line":32,"column":3}},"5":{"start":{"line":12,"column":4},"end":{"line":12,"column":23}},"6":{"start":{"line":14,"column":4},"end":{"line":31,"column":5}},"7":{"start":{"line":15,"column":23},"end":{"line":19,"column":8}},"8":{"start":{"line":20,"column":6},"end":{"line":22,"column":7}},"9":{"start":{"line":21,"column":8},"end":{"line":21,"column":27}},"10":{"start":{"line":23,"column":6},"end":{"line":23,"column":26}},"11":{"start":{"line":24,"column":6},"end":{"line":24,"column":22}},"12":{"start":{"line":26,"column":6},"end":{"line":26,"column":21}},"13":{"start":{"line":27,"column":6},"end":{"line":27,"column":26}},"14":{"start":{"line":28,"column":6},"end":{"line":28,"column":25}},"15":{"start":{"line":30,"column":6},"end":{"line":30,"column":26}},"16":{"start":{"line":34,"column":2},"end":{"line":34,"column":50}}},"fnMap":{"0":{"name":"(anonymous_0)","decl":{"start":{"line":6,"column":23},"end":{"line":6,"column":24}},"loc":{"start":{"line":6,"column":29},"end":{"line":35,"column":1}},"line":6},"1":{"name":"(anonymous_1)","decl":{"start":{"line":11,"column":18},"end":{"line":11,"column":19}},"loc":{"start":{"line":11,"column":43},"end":{"line":32,"column":3}},"line":11}},"branchMap":{"0":{"loc":{"start":{"line":20,"column":6},"end":{"line":22,"column":7}},"type":"if","locations":[{"start":{"line":20,"column":6},"end":{"line":22,"column":7}},{"start":{},"end":{}}],"line":20}},"s":{"0":1,"1":10,"2":10,"3":10,"4":10,"5":2,"6":2,"7":2,"8":1,"9":1,"10":1,"11":1,"12":1,"13":1,"14":1,"15":2,"16":10},"f":{"0":10,"1":2},"b":{"0":[1,0]},"_coverageSchema":"1a1c01bbd47fc00a2c39e90264f33305004495a9","hash":"30ba3b0b635a2a718e9b959ba2c1f0998b9d65cf"}
,"/Users/christopheracevedogalo/Documents/devsu-react-native-test/store/productSlice.ts": {"path":"/Users/christopheracevedogalo/Documents/devsu-react-native-test/store/productSlice.ts","statementMap":{"0":{"start":{"line":4,"column":37},"end":{"line":11,"column":1}},"1":{"start":{"line":13,"column":21},"end":{"line":24,"column":2}},"2":{"start":{"line":18,"column":6},"end":{"line":18,"column":28}},"3":{"start":{"line":21,"column":6},"end":{"line":21,"column":26}},"4":{"start":{"line":26,"column":44},"end":{"line":26,"column":64}}},"fnMap":{"0":{"name":"(anonymous_0)","decl":{"start":{"line":17,"column":16},"end":{"line":17,"column":17}},"loc":{"start":{"line":17,"column":36},"end":{"line":19,"column":5}},"line":17},"1":{"name":"(anonymous_1)","decl":{"start":{"line":20,"column":18},"end":{"line":20,"column":19}},"loc":{"start":{"line":20,"column":24},"end":{"line":22,"column":5}},"line":20}},"branchMap":{},"s":{"0":2,"1":2,"2":1,"3":1,"4":2},"f":{"0":1,"1":1},"b":{},"_coverageSchema":"1a1c01bbd47fc00a2c39e90264f33305004495a9","hash":"210b37337c5ee7d03dc2dac827375c0118931c6d"}
,"/Users/christopheracevedogalo/Documents/devsu-react-native-test/views/Details.tsx": {"path":"/Users/christopheracevedogalo/Documents/devsu-react-native-test/views/Details.tsx","statementMap":{"0":{"start":{"line":11,"column":20},"end":{"line":61,"column":1}},"1":{"start":{"line":12,"column":18},"end":{"line":12,"column":66}},"2":{"start":{"line":12,"column":52},"end":{"line":12,"column":65}},"3":{"start":{"line":13,"column":36},"end":{"line":13,"column":55}},"4":{"start":{"line":14,"column":17},"end":{"line":14,"column":28}},"5":{"start":{"line":15,"column":36},"end":{"line":15,"column":51}},"6":{"start":{"line":17,"column":2},"end":{"line":21,"column":18}},"7":{"start":{"line":18,"column":4},"end":{"line":20,"column":5}},"8":{"start":{"line":19,"column":6},"end":{"line":19,"column":27}},"9":{"start":{"line":23,"column":23},"end":{"line":25,"column":15}},"10":{"start":{"line":24,"column":4},"end":{"line":24,"column":27}},"11":{"start":{"line":27,"column":28},"end":{"line":29,"column":3}},"12":{"start":{"line":28,"column":4},"end":{"line":28,"column":29}},"13":{"start":{"line":31,"column":27},"end":{"line":33,"column":8}},"14":{"start":{"line":32,"column":4},"end":{"line":32,"column":25}},"15":{"start":{"line":35,"column":2},"end":{"line":60,"column":4}},"16":{"start":{"line":63,"column":15},"end":{"line":73,"column":2}}},"fnMap":{"0":{"name":"(anonymous_0)","decl":{"start":{"line":11,"column":20},"end":{"line":11,"column":21}},"loc":{"start":{"line":11,"column":26},"end":{"line":61,"column":1}},"line":11},"1":{"name":"(anonymous_1)","decl":{"start":{"line":12,"column":30},"end":{"line":12,"column":31}},"loc":{"start":{"line":12,"column":52},"end":{"line":12,"column":65}},"line":12},"2":{"name":"(anonymous_2)","decl":{"start":{"line":17,"column":12},"end":{"line":17,"column":13}},"loc":{"start":{"line":17,"column":18},"end":{"line":21,"column":3}},"line":17},"3":{"name":"(anonymous_3)","decl":{"start":{"line":23,"column":35},"end":{"line":23,"column":36}},"loc":{"start":{"line":23,"column":41},"end":{"line":25,"column":3}},"line":23},"4":{"name":"(anonymous_4)","decl":{"start":{"line":27,"column":28},"end":{"line":27,"column":29}},"loc":{"start":{"line":27,"column":34},"end":{"line":29,"column":3}},"line":27},"5":{"name":"(anonymous_5)","decl":{"start":{"line":31,"column":39},"end":{"line":31,"column":40}},"loc":{"start":{"line":31,"column":45},"end":{"line":33,"column":3}},"line":31}},"branchMap":{"0":{"loc":{"start":{"line":18,"column":4},"end":{"line":20,"column":5}},"type":"if","locations":[{"start":{"line":18,"column":4},"end":{"line":20,"column":5}},{"start":{},"end":{}}],"line":18}},"s":{"0":1,"1":5,"2":0,"3":5,"4":5,"5":5,"6":4,"7":3,"8":0,"9":4,"10":1,"11":4,"12":1,"13":4,"14":1,"15":4,"16":1},"f":{"0":5,"1":0,"2":3,"3":1,"4":1,"5":1},"b":{"0":[0,3]},"_coverageSchema":"1a1c01bbd47fc00a2c39e90264f33305004495a9","hash":"cbf9b64864d4fdf1dec4ec2596191439ed65d282"}
}
