TN:
SF:components/AddButton.tsx
FN:6,(anonymous_0)
FN:9,(anonymous_1)
FNF:2
FNH:2
FNDA:1,(anonymous_0)
FNDA:1,(anonymous_1)
DA:6,1
DA:7,1
DA:9,1
DA:10,1
DA:13,1
DA:25,1
LF:6
LH:6
BRF:0
BRH:0
end_of_record
TN:
SF:components/BottomSheet.tsx
FN:13,(anonymous_0)
FNF:1
FNH:1
FNDA:8,(anonymous_0)
DA:13,2
DA:14,8
DA:53,2
LF:3
LH:3
BRF:0
BRH:0
end_of_record
TN:
SF:components/Button.tsx
FN:12,(anonymous_0)
FNF:1
FNH:1
FNDA:21,(anonymous_0)
DA:12,4
DA:19,21
DA:30,4
LF:3
LH:3
BRF:0
BRH:0
end_of_record
TN:
SF:components/ListItem.tsx
FN:9,(anonymous_0)
FN:13,(anonymous_1)
FNF:2
FNH:2
FNDA:1,(anonymous_0)
FNDA:1,(anonymous_1)
DA:9,1
DA:10,1
DA:11,1
DA:13,1
DA:14,1
DA:15,1
DA:18,1
DA:33,1
LF:8
LH:8
BRF:0
BRH:0
end_of_record
TN:
SF:components/ProductDetail.tsx
FN:5,(anonymous_0)
FNF:1
FNH:1
FNDA:5,(anonymous_0)
DA:5,2
DA:6,5
DA:7,5
DA:9,5
DA:46,2
LF:5
LH:5
BRF:0
BRH:0
end_of_record
TN:
SF:constants/index.ts
FNF:0
FNH:0
DA:2,5
LF:1
LH:1
BRF:0
BRH:0
end_of_record
TN:
SF:hooks/useDeleteProduct.tsx
FN:5,(anonymous_0)
FN:10,(anonymous_1)
FNF:2
FNH:2
FNDA:10,(anonymous_0)
FNDA:2,(anonymous_1)
DA:5,1
DA:6,10
DA:7,10
DA:8,10
DA:10,10
DA:11,2
DA:13,2
DA:14,2
DA:19,1
DA:20,1
DA:22,1
DA:23,1
DA:25,1
DA:26,1
DA:27,1
DA:29,2
DA:33,10
LF:17
LH:17
BRDA:19,0,0,1
BRDA:19,0,1,0
BRF:2
BRH:1
end_of_record
TN:
SF:hooks/useGetFinancialProducts.tsx
FN:14,(anonymous_0)
FN:27,(anonymous_1)
FN:43,(anonymous_2)
FN:47,(anonymous_3)
FNF:4
FNH:4
FNDA:19,(anonymous_0)
FNDA:4,(anonymous_1)
FNDA:3,(anonymous_2)
FNDA:1,(anonymous_3)
DA:14,1
DA:15,19
DA:16,19
DA:17,19
DA:19,19
DA:27,19
DA:28,4
DA:30,4
DA:31,4
DA:32,3
DA:33,3
DA:34,3
DA:36,1
DA:37,1
DA:39,4
DA:43,19
DA:44,3
DA:47,19
DA:48,1
DA:49,1
DA:52,19
LF:21
LH:21
BRF:0
BRH:0
end_of_record
TN:
SF:hooks/useGetIdVerification.tsx
FN:5,(anonymous_0)
FN:10,(anonymous_1)
FNF:2
FNH:2
FNDA:10,(anonymous_0)
FNDA:2,(anonymous_1)
DA:5,1
DA:6,10
DA:7,10
DA:8,10
DA:10,10
DA:11,2
DA:13,2
DA:14,2
DA:22,1
DA:23,1
DA:25,1
DA:26,1
DA:27,1
DA:29,1
DA:30,1
DA:31,1
DA:33,2
DA:37,10
LF:18
LH:18
BRDA:22,0,0,1
BRDA:22,0,1,0
BRF:2
BRH:1
end_of_record
TN:
SF:hooks/usePostProducts.tsx
FN:6,(anonymous_0)
FN:11,(anonymous_1)
FNF:2
FNH:2
FNDA:10,(anonymous_0)
FNDA:2,(anonymous_1)
DA:6,1
DA:7,10
DA:8,10
DA:9,10
DA:11,10
DA:12,2
DA:14,2
DA:15,2
DA:20,1
DA:21,1
DA:23,1
DA:24,1
DA:26,1
DA:27,1
DA:28,1
DA:30,2
DA:34,10
LF:17
LH:17
BRDA:20,0,0,1
BRDA:20,0,1,0
BRF:2
BRH:1
end_of_record
TN:
SF:hooks/usePutProducts.tsx
FN:6,(anonymous_0)
FN:11,(anonymous_1)
FNF:2
FNH:2
FNDA:10,(anonymous_0)
FNDA:2,(anonymous_1)
DA:6,1
DA:7,10
DA:8,10
DA:9,10
DA:11,10
DA:12,2
DA:14,2
DA:15,2
DA:20,1
DA:21,1
DA:23,1
DA:24,1
DA:26,1
DA:27,1
DA:28,1
DA:30,2
DA:34,10
LF:17
LH:17
BRDA:20,0,0,1
BRDA:20,0,1,0
BRF:2
BRH:1
end_of_record
TN:
SF:store/productSlice.ts
FN:17,(anonymous_0)
FN:20,(anonymous_1)
FNF:2
FNH:2
FNDA:1,(anonymous_0)
FNDA:1,(anonymous_1)
DA:4,2
DA:13,2
DA:18,1
DA:21,1
DA:26,2
LF:5
LH:5
BRF:0
BRH:0
end_of_record
TN:
SF:views/Details.tsx
FN:11,(anonymous_0)
FN:12,(anonymous_1)
FN:17,(anonymous_2)
FN:23,(anonymous_3)
FN:27,(anonymous_4)
FN:31,(anonymous_5)
FNF:6
FNH:5
FNDA:5,(anonymous_0)
FNDA:0,(anonymous_1)
FNDA:3,(anonymous_2)
FNDA:1,(anonymous_3)
FNDA:1,(anonymous_4)
FNDA:1,(anonymous_5)
DA:11,1
DA:12,5
DA:13,5
DA:14,5
DA:15,5
DA:17,4
DA:18,3
DA:19,0
DA:23,4
DA:24,1
DA:27,4
DA:28,1
DA:31,4
DA:32,1
DA:35,4
DA:63,1
LF:16
LH:15
BRDA:18,0,0,0
BRDA:18,0,1,3
BRF:2
BRH:1
end_of_record
